2021-03-26 11:03:17.285  INFO 9204 --- [main] trationDelegate$BeanPostProcessorChecker : Bean 'org.springframework.retry.annotation.RetryConfiguration' of type [org.springframework.retry.annotation.RetryConfiguration$$EnhancerBySpringCGLIB$$38a8a870] is not eligible for getting processed by all BeanPostProcessors (for example: not eligible for auto-proxying)
2021-03-26 11:03:17.318  INFO 9204 --- [main] trationDelegate$BeanPostProcessorChecker : Bean 'org.springframework.cloud.autoconfigure.ConfigurationPropertiesRebinderAutoConfiguration' of type [org.springframework.cloud.autoconfigure.ConfigurationPropertiesRebinderAutoConfiguration$$EnhancerBySpringCGLIB$$5eff1348] is not eligible for getting processed by all BeanPostProcessors (for example: not eligible for auto-proxying)
2021-03-26 11:03:20.302  INFO 9204 --- [main] b.c.PropertySourceBootstrapConfiguration : Located property source: CompositePropertySource {name='consul', propertySources=[ConsulPropertySource {name='gateway/'}, ConsulPropertySource {name='application/'}]}
2021-03-26 11:03:20.438  INFO 9204 --- [main] com.security.gateway.GatewayApplication  : No active profile set, falling back to default profiles: default
2021-03-26 11:03:21.400  WARN 9204 --- [main] o.s.boot.actuate.endpoint.EndpointId     : Endpoint ID 'bus-env' contains invalid characters, please migrate to a valid format.
2021-03-26 11:03:21.699  WARN 9204 --- [main] o.s.boot.actuate.endpoint.EndpointId     : Endpoint ID 'bus-refresh' contains invalid characters, please migrate to a valid format.
2021-03-26 11:03:21.740  WARN 9204 --- [main] o.s.boot.actuate.endpoint.EndpointId     : Endpoint ID 'service-registry' contains invalid characters, please migrate to a valid format.
2021-03-26 11:03:22.238  INFO 9204 --- [main] o.s.cloud.context.scope.GenericScope     : BeanFactory id=574d3126-0ce3-3ca5-b016-a15e84357b0a
2021-03-26 11:03:22.248  INFO 9204 --- [main] faultConfiguringBeanFactoryPostProcessor : No bean named 'errorChannel' has been explicitly defined. Therefore, a default PublishSubscribeChannel will be created.
2021-03-26 11:03:22.257  INFO 9204 --- [main] faultConfiguringBeanFactoryPostProcessor : No bean named 'taskScheduler' has been explicitly defined. Therefore, a default ThreadPoolTaskScheduler will be created.
2021-03-26 11:03:22.270  INFO 9204 --- [main] faultConfiguringBeanFactoryPostProcessor : No bean named 'integrationHeaderChannelRegistry' has been explicitly defined. Therefore, a default DefaultHeaderChannelRegistry will be created.
2021-03-26 11:03:22.354  INFO 9204 --- [main] trationDelegate$BeanPostProcessorChecker : Bean 'org.springframework.retry.annotation.RetryConfiguration' of type [org.springframework.retry.annotation.RetryConfiguration$$EnhancerBySpringCGLIB$$38a8a870] is not eligible for getting processed by all BeanPostProcessors (for example: not eligible for auto-proxying)
2021-03-26 11:03:22.505  INFO 9204 --- [main] trationDelegate$BeanPostProcessorChecker : Bean 'integrationDisposableAutoCreatedBeans' of type [org.springframework.integration.config.annotation.Disposables] is not eligible for getting processed by all BeanPostProcessors (for example: not eligible for auto-proxying)
2021-03-26 11:03:22.537  INFO 9204 --- [main] trationDelegate$BeanPostProcessorChecker : Bean 'org.springframework.integration.config.IntegrationManagementConfiguration' of type [org.springframework.integration.config.IntegrationManagementConfiguration$$EnhancerBySpringCGLIB$$add6cb7a] is not eligible for getting processed by all BeanPostProcessors (for example: not eligible for auto-proxying)
2021-03-26 11:03:22.545  INFO 9204 --- [main] trationDelegate$BeanPostProcessorChecker : Bean 'org.springframework.boot.autoconfigure.integration.IntegrationAutoConfiguration$IntegrationJmxConfiguration' of type [org.springframework.boot.autoconfigure.integration.IntegrationAutoConfiguration$IntegrationJmxConfiguration$$EnhancerBySpringCGLIB$$8968d69a] is not eligible for getting processed by all BeanPostProcessors (for example: not eligible for auto-proxying)
2021-03-26 11:03:22.558  INFO 9204 --- [main] trationDelegate$BeanPostProcessorChecker : Bean 'org.springframework.boot.autoconfigure.jmx.JmxAutoConfiguration' of type [org.springframework.boot.autoconfigure.jmx.JmxAutoConfiguration$$EnhancerBySpringCGLIB$$c2507f67] is not eligible for getting processed by all BeanPostProcessors (for example: not eligible for auto-proxying)
2021-03-26 11:03:22.564  INFO 9204 --- [main] trationDelegate$BeanPostProcessorChecker : Bean 'mbeanServer' of type [com.sun.jmx.mbeanserver.JmxMBeanServer] is not eligible for getting processed by all BeanPostProcessors (for example: not eligible for auto-proxying)
2021-03-26 11:03:22.575  INFO 9204 --- [main] trationDelegate$BeanPostProcessorChecker : Bean 'org.springframework.cloud.autoconfigure.ConfigurationPropertiesRebinderAutoConfiguration' of type [org.springframework.cloud.autoconfigure.ConfigurationPropertiesRebinderAutoConfiguration$$EnhancerBySpringCGLIB$$5eff1348] is not eligible for getting processed by all BeanPostProcessors (for example: not eligible for auto-proxying)
2021-03-26 11:03:22.888  WARN 9204 --- [main] c.n.c.sources.URLConfigurationSource     : No URLs will be polled as dynamic configuration sources.
2021-03-26 11:03:22.888  INFO 9204 --- [main] c.n.c.sources.URLConfigurationSource     : To enable URLs as dynamic configuration sources, define System property archaius.configurationSource.additionalUrls or make config.properties available on classpath.
2021-03-26 11:03:22.893  WARN 9204 --- [main] c.n.c.sources.URLConfigurationSource     : No URLs will be polled as dynamic configuration sources.
2021-03-26 11:03:22.894  INFO 9204 --- [main] c.n.c.sources.URLConfigurationSource     : To enable URLs as dynamic configuration sources, define System property archaius.configurationSource.additionalUrls or make config.properties available on classpath.
2021-03-26 11:03:27.223  INFO 9204 --- [main] o.s.c.g.r.RouteDefinitionRouteLocator    : Loaded RoutePredicateFactory [After]
2021-03-26 11:03:27.224  INFO 9204 --- [main] o.s.c.g.r.RouteDefinitionRouteLocator    : Loaded RoutePredicateFactory [Before]
2021-03-26 11:03:27.224  INFO 9204 --- [main] o.s.c.g.r.RouteDefinitionRouteLocator    : Loaded RoutePredicateFactory [Between]
2021-03-26 11:03:27.224  INFO 9204 --- [main] o.s.c.g.r.RouteDefinitionRouteLocator    : Loaded RoutePredicateFactory [Cookie]
2021-03-26 11:03:27.224  INFO 9204 --- [main] o.s.c.g.r.RouteDefinitionRouteLocator    : Loaded RoutePredicateFactory [Header]
2021-03-26 11:03:27.224  INFO 9204 --- [main] o.s.c.g.r.RouteDefinitionRouteLocator    : Loaded RoutePredicateFactory [Host]
2021-03-26 11:03:27.224  INFO 9204 --- [main] o.s.c.g.r.RouteDefinitionRouteLocator    : Loaded RoutePredicateFactory [Method]
2021-03-26 11:03:27.224  INFO 9204 --- [main] o.s.c.g.r.RouteDefinitionRouteLocator    : Loaded RoutePredicateFactory [Path]
2021-03-26 11:03:27.225  INFO 9204 --- [main] o.s.c.g.r.RouteDefinitionRouteLocator    : Loaded RoutePredicateFactory [Query]
2021-03-26 11:03:27.225  INFO 9204 --- [main] o.s.c.g.r.RouteDefinitionRouteLocator    : Loaded RoutePredicateFactory [ReadBodyPredicateFactory]
2021-03-26 11:03:27.225  INFO 9204 --- [main] o.s.c.g.r.RouteDefinitionRouteLocator    : Loaded RoutePredicateFactory [RemoteAddr]
2021-03-26 11:03:27.225  INFO 9204 --- [main] o.s.c.g.r.RouteDefinitionRouteLocator    : Loaded RoutePredicateFactory [Weight]
2021-03-26 11:03:27.225  INFO 9204 --- [main] o.s.c.g.r.RouteDefinitionRouteLocator    : Loaded RoutePredicateFactory [CloudFoundryRouteService]
2021-03-26 11:03:27.898  INFO 9204 --- [main] o.s.s.c.ThreadPoolTaskScheduler          : Initializing ExecutorService 'taskScheduler'
2021-03-26 11:03:28.108  INFO 9204 --- [main] o.s.b.a.e.web.EndpointLinksResolver      : Exposing 27 endpoint(s) beneath base path '/actuator'
2021-03-26 11:03:28.731  INFO 9204 --- [main] o.s.s.c.ThreadPoolTaskScheduler          : Initializing ExecutorService 'catalogWatchTaskScheduler'
2021-03-26 11:03:28.838  INFO 9204 --- [main] o.s.s.c.ThreadPoolTaskScheduler          : Initializing ExecutorService 'configWatchTaskScheduler'
2021-03-26 11:03:28.960  INFO 9204 --- [main] o.s.c.s.m.DirectWithAttributesChannel    : Channel 'gateway-1.springCloudBusInput' has 1 subscriber(s).
2021-03-26 11:03:29.152  INFO 9204 --- [main] o.s.i.monitor.IntegrationMBeanExporter   : Registering MessageChannel nullChannel
2021-03-26 11:03:29.197  INFO 9204 --- [main] o.s.i.monitor.IntegrationMBeanExporter   : Registering MessageChannel springCloudBusInput
2021-03-26 11:03:29.313  INFO 9204 --- [main] o.s.i.monitor.IntegrationMBeanExporter   : Registering MessageChannel springCloudBusOutput
2021-03-26 11:03:29.326  INFO 9204 --- [main] o.s.i.monitor.IntegrationMBeanExporter   : Registering MessageChannel errorChannel
2021-03-26 11:03:29.391  INFO 9204 --- [main] o.s.i.monitor.IntegrationMBeanExporter   : Registering MessageHandler errorLogger
2021-03-26 11:03:29.422  INFO 9204 --- [main] o.s.i.monitor.IntegrationMBeanExporter   : Registering MessageHandler org.springframework.cloud.stream.binding.StreamListenerMessageHandler@8598d9
2021-03-26 11:03:29.594  INFO 9204 --- [main] o.s.i.endpoint.EventDrivenConsumer       : Adding {logging-channel-adapter:_org.springframework.integration.errorLogger} as a subscriber to the 'errorChannel' channel
2021-03-26 11:03:29.594  INFO 9204 --- [main] o.s.i.channel.PublishSubscribeChannel    : Channel 'gateway-1.errorChannel' has 1 subscriber(s).
2021-03-26 11:03:29.595  INFO 9204 --- [main] o.s.i.endpoint.EventDrivenConsumer       : started _org.springframework.integration.errorLogger
2021-03-26 11:03:31.035  INFO 9204 --- [main] b.c.PropertySourceBootstrapConfiguration : Located property source: CompositePropertySource {name='consul', propertySources=[ConsulPropertySource {name='gateway/'}, ConsulPropertySource {name='application/'}]}
2021-03-26 11:03:31.228  INFO 9204 --- [main] o.s.i.endpoint.EventDrivenConsumer       : Adding {message-handler:outbound.springCloudBus} as a subscriber to the 'springCloudBusOutput' channel
2021-03-26 11:03:31.229  INFO 9204 --- [main] o.s.c.s.m.DirectWithAttributesChannel    : Channel 'gateway-1.springCloudBusOutput' has 1 subscriber(s).
2021-03-26 11:03:31.229  INFO 9204 --- [main] o.s.i.endpoint.EventDrivenConsumer       : started outbound.springCloudBus
2021-03-26 11:03:31.253  INFO 9204 --- [main] o.s.c.c.b.ConsulInboundMessageProducer   : started org.springframework.cloud.consul.binder.ConsulInboundMessageProducer@323a5b
2021-03-26 11:03:32.251  INFO 9204 --- [main] o.s.b.web.embedded.netty.NettyWebServer  : Netty started on port(s): 8091
2021-03-26 11:03:32.289  INFO 9204 --- [main] o.s.c.c.s.ConsulServiceRegistry          : Registering service with consul: NewService{id='gateway-192-168-137-48-8091', name='gateway', tags=[secure=false], address='192.168.137.48', meta=null, port=8091, enableTagOverride=null, check=Check{script='null', interval='30s', ttl='null', http='http://192.168.137.48:8091/actuator/info', method='null', header={}, tcp='null', timeout='null', deregisterCriticalServiceAfter='30s', tlsSkipVerify=null, status='null'}, checks=null}
2021-03-26 11:03:32.360  INFO 9204 --- [main] com.security.gateway.GatewayApplication  : Started GatewayApplication in 18.458 seconds (JVM running for 20.346)
2021-03-26 11:04:34.022  INFO 9204 --- [reactor-http-nio-2] c.netflix.config.ChainedDynamicProperty  : Flipping property: user-provider.ribbon.ActiveConnectionsLimit to use NEXT property: niws.loadbalancer.availabilityFilteringRule.activeConnectionsLimit = 2147483647
2021-03-26 11:04:34.224  INFO 9204 --- [reactor-http-nio-2] c.n.u.concurrent.ShutdownEnabledTimer    : Shutdown hook installed for: NFLoadBalancer-PingTimer-user-provider
2021-03-26 11:04:34.227  INFO 9204 --- [reactor-http-nio-2] c.netflix.loadbalancer.BaseLoadBalancer  : Client: user-provider instantiated a LoadBalancer: DynamicServerListLoadBalancer:{NFLoadBalancer:name=user-provider,current list of Servers=[],Load balancer stats=Zone stats: {},Server stats: []}ServerList:null
2021-03-26 11:04:34.248  INFO 9204 --- [reactor-http-nio-2] c.n.l.DynamicServerListLoadBalancer      : Using serverListUpdater PollingServerListUpdater
2021-03-26 11:04:34.304  INFO 9204 --- [reactor-http-nio-2] c.netflix.config.ChainedDynamicProperty  : Flipping property: user-provider.ribbon.ActiveConnectionsLimit to use NEXT property: niws.loadbalancer.availabilityFilteringRule.activeConnectionsLimit = 2147483647
2021-03-26 11:04:34.307  INFO 9204 --- [reactor-http-nio-2] c.n.l.DynamicServerListLoadBalancer      : DynamicServerListLoadBalancer for client user-provider initialized: DynamicServerListLoadBalancer:{NFLoadBalancer:name=user-provider,current list of Servers=[172.23.64.151:8080],Load balancer stats=Zone stats: {unknown=[Zone:unknown;	Instance count:1;	Active connections count: 0;	Circuit breaker tripped count: 0;	Active connections per server: 0.0;]
},Server stats: [[Server:172.23.64.151:8080;	Zone:UNKNOWN;	Total Requests:0;	Successive connection failure:0;	Total blackout seconds:0;	Last connection made:Thu Jan 01 08:00:00 CST 1970;	First connection made: Thu Jan 01 08:00:00 CST 1970;	Active Connections:0;	total failure count in last (1000) msecs:0;	average resp time:0.0;	90 percentile resp time:0.0;	95 percentile resp time:0.0;	min resp time:0.0;	max resp time:0.0;	stddev resp time:0.0]
]}ServerList:ConsulServerList{serviceId='user-provider', tag=null}
2021-03-26 11:04:35.278  INFO 9204 --- [PollingServerListUpdater-0] c.netflix.config.ChainedDynamicProperty  : Flipping property: user-provider.ribbon.ActiveConnectionsLimit to use NEXT property: niws.loadbalancer.availabilityFilteringRule.activeConnectionsLimit = 2147483647
2021-03-26 11:04:57.640 ERROR 9204 --- [reactor-http-nio-2] a.w.r.e.AbstractErrorWebExceptionHandler : [f163c42c] 500 Server Error for HTTP GET "/provider/test"

io.netty.channel.AbstractChannel$AnnotatedConnectException: Connection timed out: no further information: /172.23.64.151:8080
	at sun.nio.ch.SocketChannelImpl.checkConnect(Native Method) ~[na:1.8.0_131]
	at sun.nio.ch.SocketChannelImpl.finishConnect(SocketChannelImpl.java:717) ~[na:1.8.0_131]
	at io.netty.channel.socket.nio.NioSocketChannel.doFinishConnect(NioSocketChannel.java:327) ~[netty-transport-4.1.36.Final.jar:4.1.36.Final]
	at io.netty.channel.nio.AbstractNioChannel$AbstractNioUnsafe.finishConnect(AbstractNioChannel.java:340) ~[netty-transport-4.1.36.Final.jar:4.1.36.Final]
	at io.netty.channel.nio.NioEventLoop.processSelectedKey(NioEventLoop.java:670) ~[netty-transport-4.1.36.Final.jar:4.1.36.Final]
	at io.netty.channel.nio.NioEventLoop.processSelectedKeysOptimized(NioEventLoop.java:617) ~[netty-transport-4.1.36.Final.jar:4.1.36.Final]
	at io.netty.channel.nio.NioEventLoop.processSelectedKeys(NioEventLoop.java:534) ~[netty-transport-4.1.36.Final.jar:4.1.36.Final]
	at io.netty.channel.nio.NioEventLoop.run(NioEventLoop.java:496) ~[netty-transport-4.1.36.Final.jar:4.1.36.Final]
	at io.netty.util.concurrent.SingleThreadEventExecutor$5.run(SingleThreadEventExecutor.java:906) ~[netty-common-4.1.36.Final.jar:4.1.36.Final]
	at io.netty.util.internal.ThreadExecutorMap$2.run(ThreadExecutorMap.java:74) ~[netty-common-4.1.36.Final.jar:4.1.36.Final]
	at java.lang.Thread.run(Thread.java:748) ~[na:1.8.0_131]
Caused by: java.net.ConnectException: Connection timed out: no further information
	... 11 common frames omitted

2021-03-26 15:21:58.367  INFO 8588 --- [main] trationDelegate$BeanPostProcessorChecker : Bean 'org.springframework.retry.annotation.RetryConfiguration' of type [org.springframework.retry.annotation.RetryConfiguration$$EnhancerBySpringCGLIB$$e04e1a6f] is not eligible for getting processed by all BeanPostProcessors (for example: not eligible for auto-proxying)
2021-03-26 15:21:58.491  INFO 8588 --- [main] trationDelegate$BeanPostProcessorChecker : Bean 'org.springframework.cloud.autoconfigure.ConfigurationPropertiesRebinderAutoConfiguration' of type [org.springframework.cloud.autoconfigure.ConfigurationPropertiesRebinderAutoConfiguration$$EnhancerBySpringCGLIB$$6a48547] is not eligible for getting processed by all BeanPostProcessors (for example: not eligible for auto-proxying)
2021-03-26 15:22:03.259  INFO 8588 --- [main] b.c.PropertySourceBootstrapConfiguration : Located property source: CompositePropertySource {name='consul', propertySources=[ConsulPropertySource {name='gateway/'}, ConsulPropertySource {name='application/'}]}
2021-03-26 15:22:03.509  INFO 8588 --- [main] com.security.gateway.GatewayApplication  : No active profile set, falling back to default profiles: default
2021-03-26 15:22:05.245  WARN 8588 --- [main] o.s.boot.actuate.endpoint.EndpointId     : Endpoint ID 'bus-env' contains invalid characters, please migrate to a valid format.
2021-03-26 15:22:05.607  WARN 8588 --- [main] o.s.boot.actuate.endpoint.EndpointId     : Endpoint ID 'bus-refresh' contains invalid characters, please migrate to a valid format.
2021-03-26 15:22:05.648  WARN 8588 --- [main] o.s.boot.actuate.endpoint.EndpointId     : Endpoint ID 'service-registry' contains invalid characters, please migrate to a valid format.
2021-03-26 15:22:06.244  INFO 8588 --- [main] o.s.cloud.context.scope.GenericScope     : BeanFactory id=574d3126-0ce3-3ca5-b016-a15e84357b0a
2021-03-26 15:22:06.254  INFO 8588 --- [main] faultConfiguringBeanFactoryPostProcessor : No bean named 'errorChannel' has been explicitly defined. Therefore, a default PublishSubscribeChannel will be created.
2021-03-26 15:22:06.276  INFO 8588 --- [main] faultConfiguringBeanFactoryPostProcessor : No bean named 'taskScheduler' has been explicitly defined. Therefore, a default ThreadPoolTaskScheduler will be created.
2021-03-26 15:22:06.432  INFO 8588 --- [main] faultConfiguringBeanFactoryPostProcessor : No bean named 'integrationHeaderChannelRegistry' has been explicitly defined. Therefore, a default DefaultHeaderChannelRegistry will be created.
2021-03-26 15:22:06.559  INFO 8588 --- [main] trationDelegate$BeanPostProcessorChecker : Bean 'org.springframework.retry.annotation.RetryConfiguration' of type [org.springframework.retry.annotation.RetryConfiguration$$EnhancerBySpringCGLIB$$e04e1a6f] is not eligible for getting processed by all BeanPostProcessors (for example: not eligible for auto-proxying)
2021-03-26 15:22:06.638  INFO 8588 --- [main] trationDelegate$BeanPostProcessorChecker : Bean 'integrationDisposableAutoCreatedBeans' of type [org.springframework.integration.config.annotation.Disposables] is not eligible for getting processed by all BeanPostProcessors (for example: not eligible for auto-proxying)
2021-03-26 15:22:06.694  INFO 8588 --- [main] trationDelegate$BeanPostProcessorChecker : Bean 'org.springframework.integration.config.IntegrationManagementConfiguration' of type [org.springframework.integration.config.IntegrationManagementConfiguration$$EnhancerBySpringCGLIB$$557c3d79] is not eligible for getting processed by all BeanPostProcessors (for example: not eligible for auto-proxying)
2021-03-26 15:22:06.708  INFO 8588 --- [main] trationDelegate$BeanPostProcessorChecker : Bean 'org.springframework.boot.autoconfigure.integration.IntegrationAutoConfiguration$IntegrationJmxConfiguration' of type [org.springframework.boot.autoconfigure.integration.IntegrationAutoConfiguration$IntegrationJmxConfiguration$$EnhancerBySpringCGLIB$$310e4899] is not eligible for getting processed by all BeanPostProcessors (for example: not eligible for auto-proxying)
2021-03-26 15:22:06.745  INFO 8588 --- [main] trationDelegate$BeanPostProcessorChecker : Bean 'org.springframework.boot.autoconfigure.jmx.JmxAutoConfiguration' of type [org.springframework.boot.autoconfigure.jmx.JmxAutoConfiguration$$EnhancerBySpringCGLIB$$69f5f166] is not eligible for getting processed by all BeanPostProcessors (for example: not eligible for auto-proxying)
2021-03-26 15:22:06.764  INFO 8588 --- [main] trationDelegate$BeanPostProcessorChecker : Bean 'mbeanServer' of type [com.sun.jmx.mbeanserver.JmxMBeanServer] is not eligible for getting processed by all BeanPostProcessors (for example: not eligible for auto-proxying)
2021-03-26 15:22:06.789  INFO 8588 --- [main] trationDelegate$BeanPostProcessorChecker : Bean 'org.springframework.cloud.autoconfigure.ConfigurationPropertiesRebinderAutoConfiguration' of type [org.springframework.cloud.autoconfigure.ConfigurationPropertiesRebinderAutoConfiguration$$EnhancerBySpringCGLIB$$6a48547] is not eligible for getting processed by all BeanPostProcessors (for example: not eligible for auto-proxying)
2021-03-26 15:22:08.253  WARN 8588 --- [main] c.n.c.sources.URLConfigurationSource     : No URLs will be polled as dynamic configuration sources.
2021-03-26 15:22:08.253  INFO 8588 --- [main] c.n.c.sources.URLConfigurationSource     : To enable URLs as dynamic configuration sources, define System property archaius.configurationSource.additionalUrls or make config.properties available on classpath.
2021-03-26 15:22:08.308  WARN 8588 --- [main] c.n.c.sources.URLConfigurationSource     : No URLs will be polled as dynamic configuration sources.
2021-03-26 15:22:08.309  INFO 8588 --- [main] c.n.c.sources.URLConfigurationSource     : To enable URLs as dynamic configuration sources, define System property archaius.configurationSource.additionalUrls or make config.properties available on classpath.
2021-03-26 15:22:13.568  INFO 8588 --- [main] o.s.c.g.r.RouteDefinitionRouteLocator    : Loaded RoutePredicateFactory [After]
2021-03-26 15:22:13.568  INFO 8588 --- [main] o.s.c.g.r.RouteDefinitionRouteLocator    : Loaded RoutePredicateFactory [Before]
2021-03-26 15:22:13.568  INFO 8588 --- [main] o.s.c.g.r.RouteDefinitionRouteLocator    : Loaded RoutePredicateFactory [Between]
2021-03-26 15:22:13.568  INFO 8588 --- [main] o.s.c.g.r.RouteDefinitionRouteLocator    : Loaded RoutePredicateFactory [Cookie]
2021-03-26 15:22:13.569  INFO 8588 --- [main] o.s.c.g.r.RouteDefinitionRouteLocator    : Loaded RoutePredicateFactory [Header]
2021-03-26 15:22:13.569  INFO 8588 --- [main] o.s.c.g.r.RouteDefinitionRouteLocator    : Loaded RoutePredicateFactory [Host]
2021-03-26 15:22:13.569  INFO 8588 --- [main] o.s.c.g.r.RouteDefinitionRouteLocator    : Loaded RoutePredicateFactory [Method]
2021-03-26 15:22:13.569  INFO 8588 --- [main] o.s.c.g.r.RouteDefinitionRouteLocator    : Loaded RoutePredicateFactory [Path]
2021-03-26 15:22:13.569  INFO 8588 --- [main] o.s.c.g.r.RouteDefinitionRouteLocator    : Loaded RoutePredicateFactory [Query]
2021-03-26 15:22:13.569  INFO 8588 --- [main] o.s.c.g.r.RouteDefinitionRouteLocator    : Loaded RoutePredicateFactory [ReadBodyPredicateFactory]
2021-03-26 15:22:13.569  INFO 8588 --- [main] o.s.c.g.r.RouteDefinitionRouteLocator    : Loaded RoutePredicateFactory [RemoteAddr]
2021-03-26 15:22:13.569  INFO 8588 --- [main] o.s.c.g.r.RouteDefinitionRouteLocator    : Loaded RoutePredicateFactory [Weight]
2021-03-26 15:22:13.570  INFO 8588 --- [main] o.s.c.g.r.RouteDefinitionRouteLocator    : Loaded RoutePredicateFactory [CloudFoundryRouteService]
2021-03-26 15:22:14.549  INFO 8588 --- [main] o.s.s.c.ThreadPoolTaskScheduler          : Initializing ExecutorService 'taskScheduler'
2021-03-26 15:22:14.878  INFO 8588 --- [main] o.s.b.a.e.web.EndpointLinksResolver      : Exposing 27 endpoint(s) beneath base path '/actuator'
2021-03-26 15:22:15.849  INFO 8588 --- [main] o.s.s.c.ThreadPoolTaskScheduler          : Initializing ExecutorService 'catalogWatchTaskScheduler'
2021-03-26 15:22:15.970  INFO 8588 --- [main] o.s.s.c.ThreadPoolTaskScheduler          : Initializing ExecutorService 'configWatchTaskScheduler'
2021-03-26 15:22:16.360  INFO 8588 --- [main] o.s.c.s.m.DirectWithAttributesChannel    : Channel 'gateway-1.springCloudBusInput' has 1 subscriber(s).
2021-03-26 15:22:16.560  INFO 8588 --- [main] o.s.i.monitor.IntegrationMBeanExporter   : Registering MessageChannel nullChannel
2021-03-26 15:22:16.610  INFO 8588 --- [main] o.s.i.monitor.IntegrationMBeanExporter   : Registering MessageChannel springCloudBusOutput
2021-03-26 15:22:16.729  INFO 8588 --- [main] o.s.i.monitor.IntegrationMBeanExporter   : Registering MessageChannel springCloudBusInput
2021-03-26 15:22:16.747  INFO 8588 --- [main] o.s.i.monitor.IntegrationMBeanExporter   : Registering MessageChannel errorChannel
2021-03-26 15:22:16.819  INFO 8588 --- [main] o.s.i.monitor.IntegrationMBeanExporter   : Registering MessageHandler org.springframework.cloud.stream.binding.StreamListenerMessageHandler@131289
2021-03-26 15:22:16.934  INFO 8588 --- [main] o.s.i.monitor.IntegrationMBeanExporter   : Registering MessageHandler errorLogger
2021-03-26 15:22:17.076  INFO 8588 --- [main] o.s.i.endpoint.EventDrivenConsumer       : Adding {logging-channel-adapter:_org.springframework.integration.errorLogger} as a subscriber to the 'errorChannel' channel
2021-03-26 15:22:17.077  INFO 8588 --- [main] o.s.i.channel.PublishSubscribeChannel    : Channel 'gateway-1.errorChannel' has 1 subscriber(s).
2021-03-26 15:22:17.077  INFO 8588 --- [main] o.s.i.endpoint.EventDrivenConsumer       : started _org.springframework.integration.errorLogger
2021-03-26 15:22:19.182  INFO 8588 --- [main] b.c.PropertySourceBootstrapConfiguration : Located property source: CompositePropertySource {name='consul', propertySources=[ConsulPropertySource {name='gateway/'}, ConsulPropertySource {name='application/'}]}
2021-03-26 15:22:19.574  INFO 8588 --- [main] o.s.i.endpoint.EventDrivenConsumer       : Adding {message-handler:outbound.springCloudBus} as a subscriber to the 'springCloudBusOutput' channel
2021-03-26 15:22:19.574  INFO 8588 --- [main] o.s.c.s.m.DirectWithAttributesChannel    : Channel 'gateway-1.springCloudBusOutput' has 1 subscriber(s).
2021-03-26 15:22:19.574  INFO 8588 --- [main] o.s.i.endpoint.EventDrivenConsumer       : started outbound.springCloudBus
2021-03-26 15:22:19.612  INFO 8588 --- [main] o.s.c.c.b.ConsulInboundMessageProducer   : started org.springframework.cloud.consul.binder.ConsulInboundMessageProducer@188fa9c
2021-03-26 15:22:21.054  INFO 8588 --- [main] o.s.b.web.embedded.netty.NettyWebServer  : Netty started on port(s): 8091
2021-03-26 15:22:21.082  INFO 8588 --- [main] o.s.c.c.s.ConsulServiceRegistry          : Registering service with consul: NewService{id='gateway-192-168-43-209-8091', name='gateway', tags=[secure=false], address='192.168.43.209', meta=null, port=8091, enableTagOverride=null, check=Check{script='null', interval='30s', ttl='null', http='http://192.168.43.209:8091/actuator/info', method='null', header={}, tcp='null', timeout='null', deregisterCriticalServiceAfter='30s', tlsSkipVerify=null, status='null'}, checks=null}
2021-03-26 15:22:21.292  INFO 8588 --- [main] com.security.gateway.GatewayApplication  : Started GatewayApplication in 29.418 seconds (JVM running for 35.27)
2021-03-26 15:42:29.710  INFO 8588 --- [configWatchTaskScheduler-1] trationDelegate$BeanPostProcessorChecker : Bean 'org.springframework.retry.annotation.RetryConfiguration' of type [org.springframework.retry.annotation.RetryConfiguration$$EnhancerBySpringCGLIB$$e04e1a6f] is not eligible for getting processed by all BeanPostProcessors (for example: not eligible for auto-proxying)
2021-03-26 15:42:29.714  INFO 8588 --- [configWatchTaskScheduler-1] trationDelegate$BeanPostProcessorChecker : Bean 'org.springframework.cloud.autoconfigure.ConfigurationPropertiesRebinderAutoConfiguration' of type [org.springframework.cloud.autoconfigure.ConfigurationPropertiesRebinderAutoConfiguration$$EnhancerBySpringCGLIB$$6a48547] is not eligible for getting processed by all BeanPostProcessors (for example: not eligible for auto-proxying)
2021-03-26 15:42:31.228  INFO 8588 --- [configWatchTaskScheduler-1] b.c.PropertySourceBootstrapConfiguration : Located property source: CompositePropertySource {name='consul', propertySources=[ConsulPropertySource {name='gateway/'}, ConsulPropertySource {name='application/'}]}
2021-03-26 16:11:31.950  INFO 6432 --- [main] trationDelegate$BeanPostProcessorChecker : Bean 'org.springframework.retry.annotation.RetryConfiguration' of type [org.springframework.retry.annotation.RetryConfiguration$$EnhancerBySpringCGLIB$$5959711b] is not eligible for getting processed by all BeanPostProcessors (for example: not eligible for auto-proxying)
2021-03-26 16:11:32.215  INFO 6432 --- [main] trationDelegate$BeanPostProcessorChecker : Bean 'org.springframework.cloud.autoconfigure.ConfigurationPropertiesRebinderAutoConfiguration' of type [org.springframework.cloud.autoconfigure.ConfigurationPropertiesRebinderAutoConfiguration$$EnhancerBySpringCGLIB$$7fafdbf3] is not eligible for getting processed by all BeanPostProcessors (for example: not eligible for auto-proxying)
2021-03-26 16:11:37.175  INFO 6432 --- [main] b.c.PropertySourceBootstrapConfiguration : Located property source: CompositePropertySource {name='consul', propertySources=[ConsulPropertySource {name='gateway/'}, ConsulPropertySource {name='application/'}]}
2021-03-26 16:12:16.497  INFO 6764 --- [main] trationDelegate$BeanPostProcessorChecker : Bean 'org.springframework.retry.annotation.RetryConfiguration' of type [org.springframework.retry.annotation.RetryConfiguration$$EnhancerBySpringCGLIB$$64f464a4] is not eligible for getting processed by all BeanPostProcessors (for example: not eligible for auto-proxying)
2021-03-26 16:12:16.528  INFO 6764 --- [main] trationDelegate$BeanPostProcessorChecker : Bean 'org.springframework.cloud.autoconfigure.ConfigurationPropertiesRebinderAutoConfiguration' of type [org.springframework.cloud.autoconfigure.ConfigurationPropertiesRebinderAutoConfiguration$$EnhancerBySpringCGLIB$$8b4acf7c] is not eligible for getting processed by all BeanPostProcessors (for example: not eligible for auto-proxying)
2021-03-26 16:12:21.286  INFO 6764 --- [main] b.c.PropertySourceBootstrapConfiguration : Located property source: CompositePropertySource {name='consul', propertySources=[ConsulPropertySource {name='gateway/'}, ConsulPropertySource {name='application/'}]}
2021-03-26 16:30:22.473  INFO 5192 --- [main] trationDelegate$BeanPostProcessorChecker : Bean 'org.springframework.retry.annotation.RetryConfiguration' of type [org.springframework.retry.annotation.RetryConfiguration$$EnhancerBySpringCGLIB$$88b4d52d] is not eligible for getting processed by all BeanPostProcessors (for example: not eligible for auto-proxying)
2021-03-26 16:30:22.535  INFO 5192 --- [main] trationDelegate$BeanPostProcessorChecker : Bean 'org.springframework.cloud.autoconfigure.ConfigurationPropertiesRebinderAutoConfiguration' of type [org.springframework.cloud.autoconfigure.ConfigurationPropertiesRebinderAutoConfiguration$$EnhancerBySpringCGLIB$$af0b4005] is not eligible for getting processed by all BeanPostProcessors (for example: not eligible for auto-proxying)
2021-03-26 16:30:26.382  INFO 5192 --- [main] b.c.PropertySourceBootstrapConfiguration : Located property source: CompositePropertySource {name='consul', propertySources=[ConsulPropertySource {name='gateway/'}, ConsulPropertySource {name='application/'}]}
