2021-03-18 01:14:22.942  WARN 4724 --- [main] o.s.boot.actuate.endpoint.EndpointId     : Endpoint ID 'bus-env' contains invalid characters, please migrate to a valid format.
2021-03-18 01:14:23.607  INFO 4724 --- [main] .s.d.r.c.RepositoryConfigurationDelegate : Multiple Spring Data modules found, entering strict repository configuration mode!
2021-03-18 01:14:23.611  INFO 4724 --- [main] .s.d.r.c.RepositoryConfigurationDelegate : Bootstrapping Spring Data repositories in DEFAULT mode.
2021-03-18 01:14:23.948  INFO 4724 --- [main] .s.d.r.c.RepositoryConfigurationDelegate : Finished Spring Data repository scanning in 190ms. Found 0 repository interfaces.
2021-03-18 01:14:24.282  WARN 4724 --- [main] o.s.boot.actuate.endpoint.EndpointId     : Endpoint ID 'bus-refresh' contains invalid characters, please migrate to a valid format.
2021-03-18 01:14:24.346  WARN 4724 --- [main] o.s.boot.actuate.endpoint.EndpointId     : Endpoint ID 'service-registry' contains invalid characters, please migrate to a valid format.
2021-03-18 01:14:25.488  INFO 4724 --- [main] o.s.cloud.context.scope.GenericScope     : BeanFactory id=ad543f16-e76c-3efc-9747-cdaf85d736eb
2021-03-18 01:14:25.629  INFO 4724 --- [main] faultConfiguringBeanFactoryPostProcessor : No bean named 'errorChannel' has been explicitly defined. Therefore, a default PublishSubscribeChannel will be created.
2021-03-18 01:14:25.657  INFO 4724 --- [main] faultConfiguringBeanFactoryPostProcessor : No bean named 'taskScheduler' has been explicitly defined. Therefore, a default ThreadPoolTaskScheduler will be created.
2021-03-18 01:14:25.967  INFO 4724 --- [main] faultConfiguringBeanFactoryPostProcessor : No bean named 'integrationHeaderChannelRegistry' has been explicitly defined. Therefore, a default DefaultHeaderChannelRegistry will be created.
2021-03-18 01:14:26.313  INFO 4724 --- [main] trationDelegate$BeanPostProcessorChecker : Bean 'org.springframework.retry.annotation.RetryConfiguration' of type [org.springframework.retry.annotation.RetryConfiguration$$EnhancerBySpringCGLIB$$b031d30a] is not eligible for getting processed by all BeanPostProcessors (for example: not eligible for auto-proxying)
2021-03-18 01:14:26.391  INFO 4724 --- [main] trationDelegate$BeanPostProcessorChecker : Bean 'org.springframework.transaction.annotation.ProxyTransactionManagementConfiguration' of type [org.springframework.transaction.annotation.ProxyTransactionManagementConfiguration$$EnhancerBySpringCGLIB$$ba6e3ae5] is not eligible for getting processed by all BeanPostProcessors (for example: not eligible for auto-proxying)
2021-03-18 01:14:26.712  INFO 4724 --- [main] trationDelegate$BeanPostProcessorChecker : Bean 'integrationDisposableAutoCreatedBeans' of type [org.springframework.integration.config.annotation.Disposables] is not eligible for getting processed by all BeanPostProcessors (for example: not eligible for auto-proxying)
2021-03-18 01:14:26.834  INFO 4724 --- [main] trationDelegate$BeanPostProcessorChecker : Bean 'org.springframework.integration.config.IntegrationManagementConfiguration' of type [org.springframework.integration.config.IntegrationManagementConfiguration$$EnhancerBySpringCGLIB$$255ff614] is not eligible for getting processed by all BeanPostProcessors (for example: not eligible for auto-proxying)
2021-03-18 01:14:27.203  INFO 4724 --- [main] trationDelegate$BeanPostProcessorChecker : Bean 'org.springframework.boot.autoconfigure.integration.IntegrationAutoConfiguration$IntegrationJmxConfiguration' of type [org.springframework.boot.autoconfigure.integration.IntegrationAutoConfiguration$IntegrationJmxConfiguration$$EnhancerBySpringCGLIB$$f20134] is not eligible for getting processed by all BeanPostProcessors (for example: not eligible for auto-proxying)
2021-03-18 01:14:27.244  INFO 4724 --- [main] trationDelegate$BeanPostProcessorChecker : Bean 'org.springframework.boot.autoconfigure.jmx.JmxAutoConfiguration' of type [org.springframework.boot.autoconfigure.jmx.JmxAutoConfiguration$$EnhancerBySpringCGLIB$$39d9aa01] is not eligible for getting processed by all BeanPostProcessors (for example: not eligible for auto-proxying)
2021-03-18 01:14:27.269  INFO 4724 --- [main] trationDelegate$BeanPostProcessorChecker : Bean 'mbeanServer' of type [com.sun.jmx.mbeanserver.JmxMBeanServer] is not eligible for getting processed by all BeanPostProcessors (for example: not eligible for auto-proxying)
2021-03-18 01:14:27.387  INFO 4724 --- [main] trationDelegate$BeanPostProcessorChecker : Bean 'org.springframework.cloud.autoconfigure.ConfigurationPropertiesRebinderAutoConfiguration' of type [org.springframework.cloud.autoconfigure.ConfigurationPropertiesRebinderAutoConfiguration$$EnhancerBySpringCGLIB$$d6883de2] is not eligible for getting processed by all BeanPostProcessors (for example: not eligible for auto-proxying)
2021-03-18 01:14:28.686  INFO 4724 --- [main] o.s.b.w.embedded.tomcat.TomcatWebServer  : Tomcat initialized with port(s): 8080 (http)
2021-03-18 01:14:28.789  INFO 4724 --- [main] o.apache.catalina.core.StandardService   : Starting service [Tomcat]
2021-03-18 01:14:28.790  INFO 4724 --- [main] org.apache.catalina.core.StandardEngine  : Starting Servlet engine: [Apache Tomcat/9.0.21]
2021-03-18 01:14:29.517  INFO 4724 --- [main] o.a.c.c.C.[Tomcat].[localhost].[/]       : Initializing Spring embedded WebApplicationContext
2021-03-18 01:14:29.517  INFO 4724 --- [main] o.s.web.context.ContextLoader            : Root WebApplicationContext: initialization completed in 9286 ms
2021-03-18 01:14:30.008  WARN 4724 --- [main] c.n.c.sources.URLConfigurationSource     : No URLs will be polled as dynamic configuration sources.
2021-03-18 01:14:30.009  INFO 4724 --- [main] c.n.c.sources.URLConfigurationSource     : To enable URLs as dynamic configuration sources, define System property archaius.configurationSource.additionalUrls or make config.properties available on classpath.
2021-03-18 01:14:30.077  INFO 4724 --- [main] c.netflix.config.DynamicPropertyFactory  : DynamicPropertyFactory is initialized with configuration sources: com.netflix.config.ConcurrentCompositeConfiguration@16edc75
2021-03-18 01:14:33.314  INFO 4724 --- [main] o.s.s.c.ThreadPoolTaskScheduler          : Initializing ExecutorService 'taskScheduler'
2021-03-18 01:14:34.305  INFO 4724 --- [main] io.lettuce.core.EpollProvider            : Starting without optional epoll library
2021-03-18 01:14:34.306  INFO 4724 --- [main] io.lettuce.core.KqueueProvider           : Starting without optional kqueue library
2021-03-18 01:14:36.519  WARN 4724 --- [main] c.b.m.core.metadata.TableInfoHelper      : Warn: Could not find @TableId in Class: com.security.test.provider.domain.UserOrder.
2021-03-18 01:14:36.805  WARN 4724 --- [main] c.n.c.sources.URLConfigurationSource     : No URLs will be polled as dynamic configuration sources.
2021-03-18 01:14:36.806  INFO 4724 --- [main] c.n.c.sources.URLConfigurationSource     : To enable URLs as dynamic configuration sources, define System property archaius.configurationSource.additionalUrls or make config.properties available on classpath.
2021-03-18 01:14:37.394  INFO 4724 --- [main] o.s.s.concurrent.ThreadPoolTaskExecutor  : Initializing ExecutorService 'applicationTaskExecutor'
2021-03-18 01:14:39.820  INFO 4724 --- [main] o.s.s.c.ThreadPoolTaskScheduler          : Initializing ExecutorService 'catalogWatchTaskScheduler'
2021-03-18 01:14:41.261  INFO 4724 --- [main] o.s.s.c.ThreadPoolTaskScheduler          : Initializing ExecutorService 'configWatchTaskScheduler'
2021-03-18 01:14:41.337  INFO 4724 --- [main] o.s.b.a.e.web.EndpointLinksResolver      : Exposing 26 endpoint(s) beneath base path '/actuator'
2021-03-18 01:14:41.524  INFO 4724 --- [main] o.s.c.s.m.DirectWithAttributesChannel    : Channel 'user-provider-1.springCloudBusInput' has 1 subscriber(s).
2021-03-18 01:14:41.707  INFO 4724 --- [main] o.s.i.monitor.IntegrationMBeanExporter   : Registering MessageChannel springCloudBusOutput
2021-03-18 01:14:41.825  INFO 4724 --- [main] o.s.i.monitor.IntegrationMBeanExporter   : Registering MessageChannel springCloudBusInput
2021-03-18 01:14:41.843  INFO 4724 --- [main] o.s.i.monitor.IntegrationMBeanExporter   : Registering MessageChannel nullChannel
2021-03-18 01:14:41.867  INFO 4724 --- [main] o.s.i.monitor.IntegrationMBeanExporter   : Registering MessageChannel errorChannel
2021-03-18 01:14:41.936  INFO 4724 --- [main] o.s.i.monitor.IntegrationMBeanExporter   : Registering MessageHandler errorLogger
2021-03-18 01:14:41.972  INFO 4724 --- [main] o.s.i.monitor.IntegrationMBeanExporter   : Registering MessageHandler org.springframework.cloud.stream.binding.StreamListenerMessageHandler@16f65a4
2021-03-18 01:14:42.264  INFO 4724 --- [main] o.s.i.endpoint.EventDrivenConsumer       : Adding {logging-channel-adapter:_org.springframework.integration.errorLogger} as a subscriber to the 'errorChannel' channel
2021-03-18 01:14:42.265  INFO 4724 --- [main] o.s.i.channel.PublishSubscribeChannel    : Channel 'user-provider-1.errorChannel' has 1 subscriber(s).
2021-03-18 01:14:42.265  INFO 4724 --- [main] o.s.i.endpoint.EventDrivenConsumer       : started _org.springframework.integration.errorLogger
2021-03-18 01:14:43.726  INFO 4724 --- [main] b.c.PropertySourceBootstrapConfiguration : Located property source: CompositePropertySource {name='consul', propertySources=[ConsulPropertySource {name='provider/user-provider/'}, ConsulPropertySource {name='provider/application/'}]}
2021-03-18 01:14:43.894  INFO 4724 --- [main] o.s.i.endpoint.EventDrivenConsumer       : Adding {message-handler:outbound.springCloudBus} as a subscriber to the 'springCloudBusOutput' channel
2021-03-18 01:14:43.894  INFO 4724 --- [main] o.s.c.s.m.DirectWithAttributesChannel    : Channel 'user-provider-1.springCloudBusOutput' has 1 subscriber(s).
2021-03-18 01:14:43.894  INFO 4724 --- [main] o.s.i.endpoint.EventDrivenConsumer       : started outbound.springCloudBus
2021-03-18 01:14:43.918  INFO 4724 --- [main] o.s.c.c.b.ConsulInboundMessageProducer   : started org.springframework.cloud.consul.binder.ConsulInboundMessageProducer@13e49c3
2021-03-18 01:14:44.499  INFO 4724 --- [main] o.s.b.w.embedded.tomcat.TomcatWebServer  : Tomcat started on port(s): 8080 (http) with context path ''
2021-03-18 01:14:44.527  INFO 4724 --- [main] o.s.c.c.s.ConsulServiceRegistry          : Registering service with consul: NewService{id='user-provider-192-168-41-3-8080', name='user-provider', tags=[secure=false], address='192.168.41.3', meta=null, port=8080, enableTagOverride=null, check=Check{script='null', interval='30s', ttl='null', http='http://192.168.41.3:8080/actuator/info', method='null', header={}, tcp='null', timeout='null', deregisterCriticalServiceAfter='30s', tlsSkipVerify=null, status='null'}, checks=null}
2021-03-18 01:14:48.890  INFO 4724 --- [RMI TCP Connection(2)-127.0.0.1] o.a.c.c.C.[Tomcat].[localhost].[/]       : Initializing Spring DispatcherServlet 'dispatcherServlet'
2021-03-18 01:14:48.892  INFO 4724 --- [RMI TCP Connection(2)-127.0.0.1] o.s.web.servlet.DispatcherServlet        : Initializing Servlet 'dispatcherServlet'
2021-03-18 01:14:48.982  INFO 4724 --- [RMI TCP Connection(2)-127.0.0.1] o.s.web.servlet.DispatcherServlet        : Completed initialization in 90 ms
2021-03-18 01:14:52.890  INFO 4724 --- [RMI TCP Connection(5)-127.0.0.1] com.alibaba.druid.pool.DruidDataSource   : {dataSource-1} inited
2021-03-18 01:18:31.949  WARN 5700 --- [main] o.s.boot.actuate.endpoint.EndpointId     : Endpoint ID 'bus-env' contains invalid characters, please migrate to a valid format.
2021-03-18 01:18:32.351  INFO 5700 --- [main] .s.d.r.c.RepositoryConfigurationDelegate : Multiple Spring Data modules found, entering strict repository configuration mode!
2021-03-18 01:18:32.356  INFO 5700 --- [main] .s.d.r.c.RepositoryConfigurationDelegate : Bootstrapping Spring Data repositories in DEFAULT mode.
2021-03-18 01:18:32.400  INFO 5700 --- [main] .s.d.r.c.RepositoryConfigurationDelegate : Finished Spring Data repository scanning in 20ms. Found 0 repository interfaces.
2021-03-18 01:18:32.554  WARN 5700 --- [main] o.s.boot.actuate.endpoint.EndpointId     : Endpoint ID 'bus-refresh' contains invalid characters, please migrate to a valid format.
2021-03-18 01:18:32.624  WARN 5700 --- [main] o.s.boot.actuate.endpoint.EndpointId     : Endpoint ID 'service-registry' contains invalid characters, please migrate to a valid format.
2021-03-18 01:18:33.200  INFO 5700 --- [main] o.s.cloud.context.scope.GenericScope     : BeanFactory id=ad543f16-e76c-3efc-9747-cdaf85d736eb
2021-03-18 01:18:33.212  INFO 5700 --- [main] faultConfiguringBeanFactoryPostProcessor : No bean named 'errorChannel' has been explicitly defined. Therefore, a default PublishSubscribeChannel will be created.
2021-03-18 01:18:33.222  INFO 5700 --- [main] faultConfiguringBeanFactoryPostProcessor : No bean named 'taskScheduler' has been explicitly defined. Therefore, a default ThreadPoolTaskScheduler will be created.
2021-03-18 01:18:33.231  INFO 5700 --- [main] faultConfiguringBeanFactoryPostProcessor : No bean named 'integrationHeaderChannelRegistry' has been explicitly defined. Therefore, a default DefaultHeaderChannelRegistry will be created.
2021-03-18 01:18:33.338  INFO 5700 --- [main] trationDelegate$BeanPostProcessorChecker : Bean 'org.springframework.retry.annotation.RetryConfiguration' of type [org.springframework.retry.annotation.RetryConfiguration$$EnhancerBySpringCGLIB$$16e16d2e] is not eligible for getting processed by all BeanPostProcessors (for example: not eligible for auto-proxying)
2021-03-18 01:18:33.410  INFO 5700 --- [main] trationDelegate$BeanPostProcessorChecker : Bean 'org.springframework.transaction.annotation.ProxyTransactionManagementConfiguration' of type [org.springframework.transaction.annotation.ProxyTransactionManagementConfiguration$$EnhancerBySpringCGLIB$$211dd509] is not eligible for getting processed by all BeanPostProcessors (for example: not eligible for auto-proxying)
2021-03-18 01:18:33.457  INFO 5700 --- [main] trationDelegate$BeanPostProcessorChecker : Bean 'integrationDisposableAutoCreatedBeans' of type [org.springframework.integration.config.annotation.Disposables] is not eligible for getting processed by all BeanPostProcessors (for example: not eligible for auto-proxying)
2021-03-18 01:18:33.487  INFO 5700 --- [main] trationDelegate$BeanPostProcessorChecker : Bean 'org.springframework.integration.config.IntegrationManagementConfiguration' of type [org.springframework.integration.config.IntegrationManagementConfiguration$$EnhancerBySpringCGLIB$$8c0f9038] is not eligible for getting processed by all BeanPostProcessors (for example: not eligible for auto-proxying)
2021-03-18 01:18:33.497  INFO 5700 --- [main] trationDelegate$BeanPostProcessorChecker : Bean 'org.springframework.boot.autoconfigure.integration.IntegrationAutoConfiguration$IntegrationJmxConfiguration' of type [org.springframework.boot.autoconfigure.integration.IntegrationAutoConfiguration$IntegrationJmxConfiguration$$EnhancerBySpringCGLIB$$67a19b58] is not eligible for getting processed by all BeanPostProcessors (for example: not eligible for auto-proxying)
2021-03-18 01:18:33.510  INFO 5700 --- [main] trationDelegate$BeanPostProcessorChecker : Bean 'org.springframework.boot.autoconfigure.jmx.JmxAutoConfiguration' of type [org.springframework.boot.autoconfigure.jmx.JmxAutoConfiguration$$EnhancerBySpringCGLIB$$a0894425] is not eligible for getting processed by all BeanPostProcessors (for example: not eligible for auto-proxying)
2021-03-18 01:18:33.520  INFO 5700 --- [main] trationDelegate$BeanPostProcessorChecker : Bean 'mbeanServer' of type [com.sun.jmx.mbeanserver.JmxMBeanServer] is not eligible for getting processed by all BeanPostProcessors (for example: not eligible for auto-proxying)
2021-03-18 01:18:33.550  INFO 5700 --- [main] trationDelegate$BeanPostProcessorChecker : Bean 'org.springframework.cloud.autoconfigure.ConfigurationPropertiesRebinderAutoConfiguration' of type [org.springframework.cloud.autoconfigure.ConfigurationPropertiesRebinderAutoConfiguration$$EnhancerBySpringCGLIB$$3d37d806] is not eligible for getting processed by all BeanPostProcessors (for example: not eligible for auto-proxying)
2021-03-18 01:18:34.136  INFO 5700 --- [main] o.s.b.w.embedded.tomcat.TomcatWebServer  : Tomcat initialized with port(s): 8080 (http)
2021-03-18 01:18:34.196  INFO 5700 --- [main] o.apache.catalina.core.StandardService   : Starting service [Tomcat]
2021-03-18 01:18:34.196  INFO 5700 --- [main] org.apache.catalina.core.StandardEngine  : Starting Servlet engine: [Apache Tomcat/9.0.21]
2021-03-18 01:18:34.511  INFO 5700 --- [main] o.a.c.c.C.[Tomcat].[localhost].[/]       : Initializing Spring embedded WebApplicationContext
2021-03-18 01:18:34.511  INFO 5700 --- [main] o.s.web.context.ContextLoader            : Root WebApplicationContext: initialization completed in 4258 ms
2021-03-18 01:18:34.757  WARN 5700 --- [main] c.n.c.sources.URLConfigurationSource     : No URLs will be polled as dynamic configuration sources.
2021-03-18 01:18:34.757  INFO 5700 --- [main] c.n.c.sources.URLConfigurationSource     : To enable URLs as dynamic configuration sources, define System property archaius.configurationSource.additionalUrls or make config.properties available on classpath.
2021-03-18 01:18:34.775  INFO 5700 --- [main] c.netflix.config.DynamicPropertyFactory  : DynamicPropertyFactory is initialized with configuration sources: com.netflix.config.ConcurrentCompositeConfiguration@31e410
2021-03-18 01:18:38.032  INFO 5700 --- [main] o.s.s.c.ThreadPoolTaskScheduler          : Initializing ExecutorService 'taskScheduler'
2021-03-18 01:18:39.227  INFO 5700 --- [main] io.lettuce.core.EpollProvider            : Starting without optional epoll library
2021-03-18 01:18:39.230  INFO 5700 --- [main] io.lettuce.core.KqueueProvider           : Starting without optional kqueue library
2021-03-18 01:18:41.665  WARN 5700 --- [main] c.b.m.core.metadata.TableInfoHelper      : Warn: Could not find @TableId in Class: com.security.test.provider.domain.UserOrder.
2021-03-18 01:18:42.064  WARN 5700 --- [main] c.n.c.sources.URLConfigurationSource     : No URLs will be polled as dynamic configuration sources.
2021-03-18 01:18:42.065  INFO 5700 --- [main] c.n.c.sources.URLConfigurationSource     : To enable URLs as dynamic configuration sources, define System property archaius.configurationSource.additionalUrls or make config.properties available on classpath.
2021-03-18 01:18:42.475  INFO 5700 --- [main] o.s.s.concurrent.ThreadPoolTaskExecutor  : Initializing ExecutorService 'applicationTaskExecutor'
2021-03-18 01:18:43.742  INFO 5700 --- [main] o.s.s.c.ThreadPoolTaskScheduler          : Initializing ExecutorService 'catalogWatchTaskScheduler'
2021-03-18 01:18:45.163  INFO 5700 --- [main] o.s.s.c.ThreadPoolTaskScheduler          : Initializing ExecutorService 'configWatchTaskScheduler'
2021-03-18 01:18:45.228  INFO 5700 --- [main] o.s.b.a.e.web.EndpointLinksResolver      : Exposing 26 endpoint(s) beneath base path '/actuator'
2021-03-18 01:18:45.422  INFO 5700 --- [main] o.s.c.s.m.DirectWithAttributesChannel    : Channel 'user-provider-1.springCloudBusInput' has 1 subscriber(s).
2021-03-18 01:18:45.653  INFO 5700 --- [main] o.s.i.monitor.IntegrationMBeanExporter   : Registering MessageChannel springCloudBusInput
2021-03-18 01:18:45.805  INFO 5700 --- [main] o.s.i.monitor.IntegrationMBeanExporter   : Registering MessageChannel springCloudBusOutput
2021-03-18 01:18:45.823  INFO 5700 --- [main] o.s.i.monitor.IntegrationMBeanExporter   : Registering MessageChannel nullChannel
2021-03-18 01:18:45.858  INFO 5700 --- [main] o.s.i.monitor.IntegrationMBeanExporter   : Registering MessageChannel errorChannel
2021-03-18 01:18:45.955  INFO 5700 --- [main] o.s.i.monitor.IntegrationMBeanExporter   : Registering MessageHandler org.springframework.cloud.stream.binding.StreamListenerMessageHandler@67b0bb
2021-03-18 01:18:46.125  INFO 5700 --- [main] o.s.i.monitor.IntegrationMBeanExporter   : Registering MessageHandler errorLogger
2021-03-18 01:18:46.285  INFO 5700 --- [main] o.s.i.endpoint.EventDrivenConsumer       : Adding {logging-channel-adapter:_org.springframework.integration.errorLogger} as a subscriber to the 'errorChannel' channel
2021-03-18 01:18:46.285  INFO 5700 --- [main] o.s.i.channel.PublishSubscribeChannel    : Channel 'user-provider-1.errorChannel' has 1 subscriber(s).
2021-03-18 01:18:46.285  INFO 5700 --- [main] o.s.i.endpoint.EventDrivenConsumer       : started _org.springframework.integration.errorLogger
2021-03-18 01:18:47.719  INFO 5700 --- [main] b.c.PropertySourceBootstrapConfiguration : Located property source: CompositePropertySource {name='consul', propertySources=[ConsulPropertySource {name='provider/user-provider/'}, ConsulPropertySource {name='provider/application/'}]}
2021-03-18 01:18:47.901  INFO 5700 --- [main] o.s.i.endpoint.EventDrivenConsumer       : Adding {message-handler:outbound.springCloudBus} as a subscriber to the 'springCloudBusOutput' channel
2021-03-18 01:18:47.901  INFO 5700 --- [main] o.s.c.s.m.DirectWithAttributesChannel    : Channel 'user-provider-1.springCloudBusOutput' has 1 subscriber(s).
2021-03-18 01:18:47.901  INFO 5700 --- [main] o.s.i.endpoint.EventDrivenConsumer       : started outbound.springCloudBus
2021-03-18 01:18:47.924  INFO 5700 --- [main] o.s.c.c.b.ConsulInboundMessageProducer   : started org.springframework.cloud.consul.binder.ConsulInboundMessageProducer@e01cd
2021-03-18 01:18:48.019  INFO 5700 --- [main] o.s.b.w.embedded.tomcat.TomcatWebServer  : Tomcat started on port(s): 8080 (http) with context path ''
2021-03-18 01:18:48.050  INFO 5700 --- [main] o.s.c.c.s.ConsulServiceRegistry          : Registering service with consul: NewService{id='user-provider-192-168-41-3-8080', name='user-provider', tags=[secure=false], address='192.168.41.3', meta=null, port=8080, enableTagOverride=null, check=Check{script='null', interval='30s', ttl='null', http='http://192.168.41.3:8080/actuator/info', method='null', header={}, tcp='null', timeout='null', deregisterCriticalServiceAfter='30s', tlsSkipVerify=null, status='null'}, checks=null}
2021-03-18 01:18:49.775  INFO 5700 --- [RMI TCP Connection(2)-127.0.0.1] o.a.c.c.C.[Tomcat].[localhost].[/]       : Initializing Spring DispatcherServlet 'dispatcherServlet'
2021-03-18 01:18:49.776  INFO 5700 --- [RMI TCP Connection(2)-127.0.0.1] o.s.web.servlet.DispatcherServlet        : Initializing Servlet 'dispatcherServlet'
2021-03-18 01:18:49.799  INFO 5700 --- [RMI TCP Connection(2)-127.0.0.1] o.s.web.servlet.DispatcherServlet        : Completed initialization in 23 ms
2021-03-18 01:18:49.811  INFO 5700 --- [RMI TCP Connection(3)-127.0.0.1] com.alibaba.druid.pool.DruidDataSource   : {dataSource-1} inited
2021-03-18 01:33:31.890  WARN 6060 --- [main] o.s.boot.actuate.endpoint.EndpointId     : Endpoint ID 'bus-env' contains invalid characters, please migrate to a valid format.
2021-03-18 01:33:32.207  INFO 6060 --- [main] .s.d.r.c.RepositoryConfigurationDelegate : Multiple Spring Data modules found, entering strict repository configuration mode!
2021-03-18 01:33:32.211  INFO 6060 --- [main] .s.d.r.c.RepositoryConfigurationDelegate : Bootstrapping Spring Data repositories in DEFAULT mode.
2021-03-18 01:33:32.337  INFO 6060 --- [main] .s.d.r.c.RepositoryConfigurationDelegate : Finished Spring Data repository scanning in 17ms. Found 0 repository interfaces.
2021-03-18 01:33:32.470  WARN 6060 --- [main] o.s.boot.actuate.endpoint.EndpointId     : Endpoint ID 'bus-refresh' contains invalid characters, please migrate to a valid format.
2021-03-18 01:33:32.560  WARN 6060 --- [main] o.s.boot.actuate.endpoint.EndpointId     : Endpoint ID 'service-registry' contains invalid characters, please migrate to a valid format.
2021-03-18 01:33:33.075  INFO 6060 --- [main] o.s.cloud.context.scope.GenericScope     : BeanFactory id=ad543f16-e76c-3efc-9747-cdaf85d736eb
2021-03-18 01:33:33.087  INFO 6060 --- [main] faultConfiguringBeanFactoryPostProcessor : No bean named 'errorChannel' has been explicitly defined. Therefore, a default PublishSubscribeChannel will be created.
2021-03-18 01:33:33.096  INFO 6060 --- [main] faultConfiguringBeanFactoryPostProcessor : No bean named 'taskScheduler' has been explicitly defined. Therefore, a default ThreadPoolTaskScheduler will be created.
2021-03-18 01:33:33.105  INFO 6060 --- [main] faultConfiguringBeanFactoryPostProcessor : No bean named 'integrationHeaderChannelRegistry' has been explicitly defined. Therefore, a default DefaultHeaderChannelRegistry will be created.
2021-03-18 01:33:33.215  INFO 6060 --- [main] trationDelegate$BeanPostProcessorChecker : Bean 'org.springframework.retry.annotation.RetryConfiguration' of type [org.springframework.retry.annotation.RetryConfiguration$$EnhancerBySpringCGLIB$$2dd75fdd] is not eligible for getting processed by all BeanPostProcessors (for example: not eligible for auto-proxying)
2021-03-18 01:33:33.287  INFO 6060 --- [main] trationDelegate$BeanPostProcessorChecker : Bean 'org.springframework.transaction.annotation.ProxyTransactionManagementConfiguration' of type [org.springframework.transaction.annotation.ProxyTransactionManagementConfiguration$$EnhancerBySpringCGLIB$$3813c7b8] is not eligible for getting processed by all BeanPostProcessors (for example: not eligible for auto-proxying)
2021-03-18 01:33:33.333  INFO 6060 --- [main] trationDelegate$BeanPostProcessorChecker : Bean 'integrationDisposableAutoCreatedBeans' of type [org.springframework.integration.config.annotation.Disposables] is not eligible for getting processed by all BeanPostProcessors (for example: not eligible for auto-proxying)
2021-03-18 01:33:33.367  INFO 6060 --- [main] trationDelegate$BeanPostProcessorChecker : Bean 'org.springframework.integration.config.IntegrationManagementConfiguration' of type [org.springframework.integration.config.IntegrationManagementConfiguration$$EnhancerBySpringCGLIB$$a30582e7] is not eligible for getting processed by all BeanPostProcessors (for example: not eligible for auto-proxying)
2021-03-18 01:33:33.382  INFO 6060 --- [main] trationDelegate$BeanPostProcessorChecker : Bean 'org.springframework.boot.autoconfigure.integration.IntegrationAutoConfiguration$IntegrationJmxConfiguration' of type [org.springframework.boot.autoconfigure.integration.IntegrationAutoConfiguration$IntegrationJmxConfiguration$$EnhancerBySpringCGLIB$$7e978e07] is not eligible for getting processed by all BeanPostProcessors (for example: not eligible for auto-proxying)
2021-03-18 01:33:33.396  INFO 6060 --- [main] trationDelegate$BeanPostProcessorChecker : Bean 'org.springframework.boot.autoconfigure.jmx.JmxAutoConfiguration' of type [org.springframework.boot.autoconfigure.jmx.JmxAutoConfiguration$$EnhancerBySpringCGLIB$$b77f36d4] is not eligible for getting processed by all BeanPostProcessors (for example: not eligible for auto-proxying)
2021-03-18 01:33:33.409  INFO 6060 --- [main] trationDelegate$BeanPostProcessorChecker : Bean 'mbeanServer' of type [com.sun.jmx.mbeanserver.JmxMBeanServer] is not eligible for getting processed by all BeanPostProcessors (for example: not eligible for auto-proxying)
2021-03-18 01:33:33.441  INFO 6060 --- [main] trationDelegate$BeanPostProcessorChecker : Bean 'org.springframework.cloud.autoconfigure.ConfigurationPropertiesRebinderAutoConfiguration' of type [org.springframework.cloud.autoconfigure.ConfigurationPropertiesRebinderAutoConfiguration$$EnhancerBySpringCGLIB$$542dcab5] is not eligible for getting processed by all BeanPostProcessors (for example: not eligible for auto-proxying)
2021-03-18 01:33:34.022  INFO 6060 --- [main] o.s.b.w.embedded.tomcat.TomcatWebServer  : Tomcat initialized with port(s): 8080 (http)
2021-03-18 01:33:34.084  INFO 6060 --- [main] o.apache.catalina.core.StandardService   : Starting service [Tomcat]
2021-03-18 01:33:34.084  INFO 6060 --- [main] org.apache.catalina.core.StandardEngine  : Starting Servlet engine: [Apache Tomcat/9.0.21]
2021-03-18 01:33:34.400  INFO 6060 --- [main] o.a.c.c.C.[Tomcat].[localhost].[/]       : Initializing Spring embedded WebApplicationContext
2021-03-18 01:33:34.401  INFO 6060 --- [main] o.s.web.context.ContextLoader            : Root WebApplicationContext: initialization completed in 3847 ms
2021-03-18 01:33:34.658  WARN 6060 --- [main] c.n.c.sources.URLConfigurationSource     : No URLs will be polled as dynamic configuration sources.
2021-03-18 01:33:34.658  INFO 6060 --- [main] c.n.c.sources.URLConfigurationSource     : To enable URLs as dynamic configuration sources, define System property archaius.configurationSource.additionalUrls or make config.properties available on classpath.
2021-03-18 01:33:34.688  INFO 6060 --- [main] c.netflix.config.DynamicPropertyFactory  : DynamicPropertyFactory is initialized with configuration sources: com.netflix.config.ConcurrentCompositeConfiguration@1b63253
2021-03-18 01:33:37.443  INFO 6060 --- [main] o.s.s.c.ThreadPoolTaskScheduler          : Initializing ExecutorService 'taskScheduler'
2021-03-18 01:33:38.292  INFO 6060 --- [main] io.lettuce.core.EpollProvider            : Starting without optional epoll library
2021-03-18 01:33:38.294  INFO 6060 --- [main] io.lettuce.core.KqueueProvider           : Starting without optional kqueue library
2021-03-18 01:33:40.306  WARN 6060 --- [main] c.b.m.core.metadata.TableInfoHelper      : Warn: Could not find @TableId in Class: com.security.test.provider.domain.UserOrder.
2021-03-18 01:33:40.552  WARN 6060 --- [main] c.n.c.sources.URLConfigurationSource     : No URLs will be polled as dynamic configuration sources.
2021-03-18 01:33:40.552  INFO 6060 --- [main] c.n.c.sources.URLConfigurationSource     : To enable URLs as dynamic configuration sources, define System property archaius.configurationSource.additionalUrls or make config.properties available on classpath.
2021-03-18 01:33:40.921  INFO 6060 --- [main] o.s.s.concurrent.ThreadPoolTaskExecutor  : Initializing ExecutorService 'applicationTaskExecutor'
2021-03-18 01:33:42.203  INFO 6060 --- [main] o.s.s.c.ThreadPoolTaskScheduler          : Initializing ExecutorService 'catalogWatchTaskScheduler'
2021-03-18 01:33:43.639  INFO 6060 --- [main] o.s.s.c.ThreadPoolTaskScheduler          : Initializing ExecutorService 'configWatchTaskScheduler'
2021-03-18 01:33:43.699  INFO 6060 --- [main] o.s.b.a.e.web.EndpointLinksResolver      : Exposing 26 endpoint(s) beneath base path '/actuator'
2021-03-18 01:33:43.895  INFO 6060 --- [main] o.s.c.s.m.DirectWithAttributesChannel    : Channel 'user-provider-1.springCloudBusInput' has 1 subscriber(s).
2021-03-18 01:33:44.131  INFO 6060 --- [main] o.s.i.monitor.IntegrationMBeanExporter   : Registering MessageChannel nullChannel
2021-03-18 01:33:44.172  INFO 6060 --- [main] o.s.i.monitor.IntegrationMBeanExporter   : Registering MessageChannel springCloudBusOutput
2021-03-18 01:33:44.351  INFO 6060 --- [main] o.s.i.monitor.IntegrationMBeanExporter   : Registering MessageChannel springCloudBusInput
2021-03-18 01:33:44.363  INFO 6060 --- [main] o.s.i.monitor.IntegrationMBeanExporter   : Registering MessageChannel errorChannel
2021-03-18 01:33:44.451  INFO 6060 --- [main] o.s.i.monitor.IntegrationMBeanExporter   : Registering MessageHandler errorLogger
2021-03-18 01:33:44.486  INFO 6060 --- [main] o.s.i.monitor.IntegrationMBeanExporter   : Registering MessageHandler org.springframework.cloud.stream.binding.StreamListenerMessageHandler@105fb02
2021-03-18 01:33:44.757  INFO 6060 --- [main] o.s.i.endpoint.EventDrivenConsumer       : Adding {logging-channel-adapter:_org.springframework.integration.errorLogger} as a subscriber to the 'errorChannel' channel
2021-03-18 01:33:44.757  INFO 6060 --- [main] o.s.i.channel.PublishSubscribeChannel    : Channel 'user-provider-1.errorChannel' has 1 subscriber(s).
2021-03-18 01:33:44.758  INFO 6060 --- [main] o.s.i.endpoint.EventDrivenConsumer       : started _org.springframework.integration.errorLogger
2021-03-18 01:33:46.187  INFO 6060 --- [main] b.c.PropertySourceBootstrapConfiguration : Located property source: CompositePropertySource {name='consul', propertySources=[ConsulPropertySource {name='provider/user-provider/'}, ConsulPropertySource {name='provider/application/'}]}
2021-03-18 01:33:46.389  INFO 6060 --- [main] o.s.i.endpoint.EventDrivenConsumer       : Adding {message-handler:outbound.springCloudBus} as a subscriber to the 'springCloudBusOutput' channel
2021-03-18 01:33:46.390  INFO 6060 --- [main] o.s.c.s.m.DirectWithAttributesChannel    : Channel 'user-provider-1.springCloudBusOutput' has 1 subscriber(s).
2021-03-18 01:33:46.390  INFO 6060 --- [main] o.s.i.endpoint.EventDrivenConsumer       : started outbound.springCloudBus
2021-03-18 01:33:46.413  INFO 6060 --- [main] o.s.c.c.b.ConsulInboundMessageProducer   : started org.springframework.cloud.consul.binder.ConsulInboundMessageProducer@720ae3
2021-03-18 01:33:46.487  INFO 6060 --- [main] o.s.b.w.embedded.tomcat.TomcatWebServer  : Tomcat started on port(s): 8080 (http) with context path ''
2021-03-18 01:33:46.523  INFO 6060 --- [main] o.s.c.c.s.ConsulServiceRegistry          : Registering service with consul: NewService{id='user-provider-192-168-41-3-8080', name='user-provider', tags=[secure=false], address='192.168.41.3', meta=null, port=8080, enableTagOverride=null, check=Check{script='null', interval='30s', ttl='null', http='http://192.168.41.3:8080/actuator/info', method='null', header={}, tcp='null', timeout='null', deregisterCriticalServiceAfter='30s', tlsSkipVerify=null, status='null'}, checks=null}
2021-03-18 01:33:47.211  INFO 6060 --- [RMI TCP Connection(4)-127.0.0.1] o.a.c.c.C.[Tomcat].[localhost].[/]       : Initializing Spring DispatcherServlet 'dispatcherServlet'
2021-03-18 01:33:47.212  INFO 6060 --- [RMI TCP Connection(4)-127.0.0.1] o.s.web.servlet.DispatcherServlet        : Initializing Servlet 'dispatcherServlet'
2021-03-18 01:33:47.240  INFO 6060 --- [RMI TCP Connection(4)-127.0.0.1] o.s.web.servlet.DispatcherServlet        : Completed initialization in 28 ms
2021-03-18 01:33:47.267  INFO 6060 --- [RMI TCP Connection(7)-127.0.0.1] com.alibaba.druid.pool.DruidDataSource   : {dataSource-1} inited
